C51 COMPILER V9.01   MAIN                                                                  09/11/2014 15:05:13 PAGE 1   


C51 COMPILER V9.01, COMPILATION OF MODULE MAIN
OBJECT MODULE PLACED IN main.OBJ
COMPILER INVOKED BY: C:\Keil\C51\BIN\C51.EXE main.c BROWSE DEBUG OBJECTEXTEND

line level    source

   1          #include<reg51.h>
   2          
   3          #define GPIO_DIG P0
   4          #define GPIO_KEY P1
   5          
   6          sbit LSA=P2^2;
   7          sbit LSB=P2^3;
   8          sbit LSC=P2^4;
   9          //sbit dbg=P2^0;
  10          
  11          unsigned char code DIG_CODE[11]={
  12          0x3f,0x06,0x5b,0x4f,0x66,0x6d,0x7d,0x07,0x7f,0x6f,0x00};
  13          
  14          unsigned char key,num,lock,oper,t;
  15          long buf,n1,n2;
  16          unsigned char d[8];
  17          
  18          void display();
  19          void render(long n);
  20          unsigned char digit(long n,unsigned char m);
  21          unsigned char waitkey();
  22          void delay();
  23          void pressnum(unsigned char n);
  24          void docalc();
  25          
  26          void main(){
  27   1              buf=0;
  28   1              lock=0;
  29   1              oper=0;
  30   1              while(1){
  31   2                      render(buf);
  32   2                      while(!waitkey())delay();
  33   2                      if((key<11&&key%4<3)||key==12){
  34   3                              switch(key){
  35   4                                      case(0):num=7;break;
  36   4                                      case(1):num=8;break;
  37   4                                      case(2):num=9;break;
  38   4                                      case(4):num=4;break;
  39   4                                      case(5):num=5;break;
  40   4                                      case(6):num=6;break;
  41   4                                      case(8):num=1;break;
  42   4                                      case(9):num=2;break;
  43   4                                      case(10):num=3;break;
  44   4                                      case(12):num=0;break;
  45   4                              }
  46   3                              pressnum(num);  
  47   3                      }else if(buf>=0){
  48   3                              t=5;
  49   3                              switch(key){
  50   4                                      case(13)://backspace
  51   4                                              if(!lock)buf/=10;
  52   4                                              break;
  53   4                                      case(14)://=
  54   4                                              docalc();
  55   4                                              break;
C51 COMPILER V9.01   MAIN                                                                  09/11/2014 15:05:13 PAGE 2   

  56   4                                      case(15)://+
  57   4                                              t--;
  58   4                                      case(11)://-
  59   4                                              t--;
  60   4                                      case(7)://*
  61   4                                              t--;
  62   4                                      case(3):///
  63   4                                              t--;
  64   4                                              docalc();
  65   4                                              n1=buf;
  66   4                                              oper=t;
  67   4                              }
  68   3                      }
  69   2              }       
  70   1      }
  71          
  72          void docalc(){
  73   1              n2=buf;
  74   1              lock=1;
  75   1              switch(oper){
  76   2                      case(1)://+
  77   2                              buf=n1+n2;
  78   2                              break;
  79   2                      case(2)://-
  80   2                              buf=n1-n2;
  81   2                              break;
  82   2                      case(3)://*
  83   2                              buf=n1*n2;
  84   2                              break;
  85   2                      case(4):///
  86   2                              if(n2)
  87   2                                      buf=n1/n2;
  88   2                              else
  89   2                                      buf=-1;
  90   2                              break;
  91   2              }
  92   1              oper=0;
  93   1              if(buf<0||buf>99999999)buf=-1;
  94   1      }
  95          
  96          void pressnum(unsigned char n){
  97   1              if(lock)
  98   1                      buf=n,lock=0;
  99   1              else
 100   1                      if(buf<=9999999)buf=buf*10+n;
 101   1      }
 102          
 103          unsigned char waitkey(){
 104   1              char a=0;
 105   1              GPIO_KEY=0x0f;
 106   1              if(GPIO_KEY!=0x0f)//读取按键是否按下
 107   1              {
 108   2                      delay();
 109   2                      if(GPIO_KEY!=0x0f)//再次检测键盘是否按下
 110   2                      {
 111   3                              
 112   3                              //测试列
 113   3                              GPIO_KEY=0X0F;
 114   3                              switch(GPIO_KEY)
 115   3                              {
 116   4                                      case(0X07):     key=0;break;
 117   4                                      case(0X0b):     key=1;break;
C51 COMPILER V9.01   MAIN                                                                  09/11/2014 15:05:13 PAGE 3   

 118   4                                      case(0X0d): key=2;break;
 119   4                                      case(0X0e):     key=3;break;
 120   4                              }
 121   3                              //测试行
 122   3                              GPIO_KEY=0XF0;
 123   3                              switch(GPIO_KEY)
 124   3                              {
 125   4                                      case(0X70):     break;
 126   4                                      case(0Xb0):     key+=4;break;
 127   4                                      case(0Xd0): key+=8;break;
 128   4                                      case(0Xe0):     key+=12;break;
 129   4                              }
 130   3                              while((a<50)&&(GPIO_KEY!=0xf0))  //检测按键松手检测
 131   3                              {
 132   4                                      delay();
 133   4                                      a++;
 134   4                              }
 135   3                              return 1;
 136   3                      }
 137   2              }
 138   1              return 0;
 139   1      }
 140          
 141          void render(long n){
 142   1              unsigned char i;
 143   1              unsigned char z=1;
 144   1              unsigned char c;
 145   1              if(buf>=0){
 146   2                      for(i=7;i<=7;i--){
 147   3                              c=digit(n,i);
 148   3                              if(c==0&&z&&i>0){
 149   4                                      d[i]=0;
 150   4                              }else{
 151   4                                      d[i]=DIG_CODE[c];
 152   4                                      z=0;
 153   4                              }
 154   3                      }
 155   2              }else{
 156   2                      d[7]=0x79;
 157   2                      d[6]=d[5]=d[3]=0x50;
 158   2                      d[4]=0x5c;
 159   2                      d[2]=d[1]=d[0]=0;
 160   2              }                               
 161   1      }
 162          
 163          unsigned char digit(long n,unsigned char m){
 164   1              int i;
 165   1              for(i=0;i<m;i++)n/=10;
 166   1              return n%10;    
 167   1      }
 168          
 169          void display(){
 170   1              unsigned char i;
 171   1              unsigned char j;
 172   1              for(i=0;i<8;i++)
 173   1              {
 174   2                      LSA=i&1;
 175   2                      LSB=(i&2)/2;
 176   2                      LSC=(i&4)/4;
 177   2                      GPIO_DIG=d[i];//发送段码
 178   2                      j=10;                                            //扫描间隔时间设定
 179   2                      while(j--);     
C51 COMPILER V9.01   MAIN                                                                  09/11/2014 15:05:13 PAGE 4   

 180   2                      GPIO_DIG=0x00;//消隐
 181   2              }
 182   1      }
 183          
 184          void delay(){
 185   1              unsigned char i=10;
 186   1              while(i--)display();
 187   1      }


MODULE INFORMATION:   STATIC OVERLAYABLE
   CODE SIZE        =    936    ----
   CONSTANT SIZE    =     11    ----
   XDATA SIZE       =   ----    ----
   PDATA SIZE       =   ----    ----
   DATA SIZE        =     25      15
   IDATA SIZE       =   ----    ----
   BIT SIZE         =   ----    ----
END OF MODULE INFORMATION.


C51 COMPILATION COMPLETE.  0 WARNING(S),  0 ERROR(S)
